<?xml version="1.0" encoding="UTF-8"?>
<!-- Generated by org.testng.reporters.JUnitReportReporter -->
<testsuite skipped="0" hostname="DESKTOP-STKN78T" name="testcase.DeleteIncident" tests="2" failures="0" timestamp="2021-11-09T18:13:27 IST" time="134.889" errors="0">
  <testcase name="deleteIncident" time="66.481" classname="testcase.DeleteIncident"/>
  <testcase name="deleteIncident" time="68.408" classname="testcase.DeleteIncident"/>
</testsuite> <!-- testcase.DeleteIncident -->
