<?xml version="1.0" encoding="UTF-8"?>
<!-- Generated by org.testng.reporters.JUnitReportReporter -->
<testsuite skipped="0" hostname="DESKTOP-STKN78T" name="testcase.AssignIncident" tests="2" failures="0" timestamp="2021-11-09T18:13:27 IST" time="69.716" errors="0">
  <testcase name="updateIncident" time="35.314" classname="testcase.AssignIncident"/>
  <testcase name="updateIncident" time="34.402" classname="testcase.AssignIncident"/>
</testsuite> <!-- testcase.AssignIncident -->
