<?xml version="1.0" encoding="UTF-8"?>
<!-- Generated by org.testng.reporters.JUnitReportReporter -->
<testsuite skipped="0" hostname="DESKTOP-STKN78T" name="testcase.AssignIncident" tests="2" failures="0" timestamp="2021-11-20T12:10:14 IST" time="70.031" errors="0">
  <testcase name="runScenario" time="35.287" classname="testcase.AssignIncident"/>
  <system-out/>
  <testcase name="runScenario" time="34.744" classname="testcase.AssignIncident"/>
  <system-out/>
</testsuite> <!-- testcase.AssignIncident -->
