<?xml version="1.0" encoding="UTF-8"?>
<!-- Generated by org.testng.reporters.JUnitReportReporter -->
<testsuite skipped="1" hostname="DESKTOP-STKN78T" name="testcase.DeleteIncident" tests="1" failures="0" timestamp="2021-11-12T23:15:15 IST" time="0.000" errors="0">
  <testcase name="deleteIncident" time="0.000" classname="testcase.DeleteIncident">
    <skipped/>
  </testcase> <!-- deleteIncident -->
</testsuite> <!-- testcase.DeleteIncident -->
