<?xml version="1.0" encoding="UTF-8"?>
<!-- Generated by org.testng.reporters.JUnitReportReporter -->
<testsuite skipped="0" hostname="DESKTOP-STKN78T" name="testcase.CreateNewIncident" tests="2" failures="0" timestamp="2021-11-14T20:03:42 IST" time="77.534" errors="0">
  <testcase name="runScenario" time="36.726" classname="testcase.CreateNewIncident"/>
  <system-out/>
  <testcase name="runScenario" time="40.808" classname="testcase.CreateNewIncident"/>
  <system-out/>
</testsuite> <!-- testcase.CreateNewIncident -->
