<?xml version="1.0" encoding="UTF-8"?>
<!-- Generated by org.testng.reporters.JUnitReportReporter -->
<testsuite skipped="0" hostname="DESKTOP-STKN78T" name="testcase.CreateNewIncident" tests="2" failures="0" timestamp="2021-11-09T18:13:27 IST" time="82.648" errors="0">
  <testcase name="createNewIncident" time="39.136" classname="testcase.CreateNewIncident"/>
  <testcase name="createNewIncident" time="43.512" classname="testcase.CreateNewIncident"/>
</testsuite> <!-- testcase.CreateNewIncident -->
