<?xml version="1.0" encoding="UTF-8"?>
<!-- Generated by org.testng.reporters.JUnitReportReporter -->
<testsuite skipped="0" hostname="DESKTOP-STKN78T" name="testcase.UpdateIncident" tests="2" failures="0" timestamp="2021-11-09T18:13:27 IST" time="78.641" errors="0">
  <testcase name="updateIncident" time="38.850" classname="testcase.UpdateIncident"/>
  <testcase name="updateIncident" time="39.791" classname="testcase.UpdateIncident"/>
</testsuite> <!-- testcase.UpdateIncident -->
