<?xml version="1.0" encoding="UTF-8"?>
<!-- Generated by org.testng.reporters.JUnitReportReporter -->
<testsuite skipped="0" hostname="DESKTOP-STKN78T" name="testcase.CreateNewIncident" tests="2" failures="0" timestamp="2021-11-22T15:28:05 IST" time="83.048" errors="0">
  <testcase name="runScenario" time="39.468" classname="testcase.CreateNewIncident"/>
  <system-out/>
  <testcase name="runScenario" time="43.580" classname="testcase.CreateNewIncident"/>
  <system-out/>
</testsuite> <!-- testcase.CreateNewIncident -->
