<?xml version="1.0" encoding="UTF-8"?>
<!-- Generated by org.testng.reporters.JUnitReportReporter -->
<testsuite skipped="0" hostname="DESKTOP-STKN78T" name="testcase.CucumberRunner" tests="2" failures="0" timestamp="2021-11-24T13:13:39 IST" time="132.281" errors="0">
  <testcase name="runScenario" time="64.500" classname="testcase.CucumberRunner"/>
  <system-out/>
  <testcase name="runScenario" time="67.781" classname="testcase.CucumberRunner"/>
  <system-out/>
</testsuite> <!-- testcase.CucumberRunner -->
